# JRE version: Java(TM) SE Runtime Environment (15.0+36) (build 15+36-1562)
# Java VM: Java HotSpot(TM) 64-Bit Server VM (15+36-1562, mixed mode, sharing, tiered, compressed oops, g1 gc, windows-amd64)
GC Precious Log:
 CPUs: 4 total, 4 available
 Memory: 3980M
 Large Page Support: Disabled
 NUMA Support: Disabled
 Compressed Oops: Enabled (32-bit)
 Heap Region Size: 1M
 Heap Min Capacity: 8M
 Heap Initial Capacity: 64M
 Heap Max Capacity: 996M
 Pre-touch: Disabled
 Parallel Workers: 4
 Concurrent Workers: 1
 Concurrent Refinement Workers: 4
 Periodic GC: Disabled
Heap:
 garbage-first heap   total 45056K, used 30207K [0x00000000c1c00000, 0x0000000100000000)
  region size 1024K, 10 young (10240K), 2 survivors (2048K)
 Metaspace       used 38275K, capacity 38753K, committed 38912K, reserved 1083392K
  class space    used 4867K, capacity 5005K, committed 5120K, reserved 1048576K
GC Heap History (20 events):
Event: 21.385 GC heap before
{Heap before GC invocations=3 (full 0):
 garbage-first heap   total 65536K, used 38674K [0x00000000c1c00000, 0x0000000100000000)
  region size 1024K, 34 young (34816K), 3 survivors (3072K)
 Metaspace       used 17932K, capacity 18155K, committed 18304K, reserved 1064960K
  class space    used 2224K, capacity 2309K, committed 2432K, reserved 1048576K
}
Event: 21.451 GC heap after
{Heap after GC invocations=4 (full 0):
 garbage-first heap   total 65536K, used 9493K [0x00000000c1c00000, 0x0000000100000000)
  region size 1024K, 4 young (4096K), 4 survivors (4096K)
 Metaspace       used 17932K, capacity 18155K, committed 18304K, reserved 1064960K
  class space    used 2224K, capacity 2309K, committed 2432K, reserved 1048576K
}
Event: 24.240 GC heap before
{Heap before GC invocations=4 (full 0):
 garbage-first heap   total 65536K, used 33045K [0x00000000c1c00000, 0x0000000100000000)
  region size 1024K, 28 young (28672K), 4 survivors (4096K)
 Metaspace       used 20837K, capacity 21108K, committed 21248K, reserved 1067008K
  class space    used 2581K, capacity 2714K, committed 2816K, reserved 1048576K
}
Event: 24.258 GC heap after
{Heap after GC invocations=5 (full 0):
 garbage-first heap   total 65536K, used 11456K [0x00000000c1c00000, 0x0000000100000000)
  region size 1024K, 4 young (4096K), 4 survivors (4096K)
 Metaspace       used 20837K, capacity 21108K, committed 21248K, reserved 1067008K
  class space    used 2581K, capacity 2714K, committed 2816K, reserved 1048576K
}
Event: 27.930 GC heap before
{Heap before GC invocations=6 (full 0):
 garbage-first heap   total 45056K, used 33984K [0x00000000c1c00000, 0x0000000100000000)
  region size 1024K, 26 young (26624K), 4 survivors (4096K)
 Metaspace       used 24619K, capacity 24923K, committed 25088K, reserved 1071104K
  class space    used 3105K, capacity 3251K, committed 3328K, reserved 1048576K
}
Event: 27.962 GC heap after
{Heap after GC invocations=7 (full 0):
 garbage-first heap   total 45056K, used 12740K [0x00000000c1c00000, 0x0000000100000000)
  region size 1024K, 4 young (4096K), 4 survivors (4096K)
 Metaspace       used 24619K, capacity 24923K, committed 25088K, reserved 1071104K
  class space    used 3105K, capacity 3251K, committed 3328K, reserved 1048576K
}
Event: 29.891 GC heap before
{Heap before GC invocations=7 (full 0):
 garbage-first heap   total 45056K, used 31172K [0x00000000c1c00000, 0x0000000100000000)
  region size 1024K, 22 young (22528K), 4 survivors (4096K)
 Metaspace       used 26884K, capacity 27213K, committed 27392K, reserved 1073152K
  class space    used 3344K, capacity 3478K, committed 3584K, reserved 1048576K
}
Event: 29.919 GC heap after
{Heap after GC invocations=8 (full 0):
 garbage-first heap   total 45056K, used 14798K [0x00000000c1c00000, 0x0000000100000000)
  region size 1024K, 3 young (3072K), 3 survivors (3072K)
 Metaspace       used 26884K, capacity 27213K, committed 27392K, reserved 1073152K
  class space    used 3344K, capacity 3478K, committed 3584K, reserved 1048576K
}
Event: 32.091 GC heap before
{Heap before GC invocations=8 (full 0):
 garbage-first heap   total 45056K, used 30158K [0x00000000c1c00000, 0x0000000100000000)
  region size 1024K, 19 young (19456K), 3 survivors (3072K)
 Metaspace       used 31498K, capacity 31852K, committed 32000K, reserved 1077248K
  class space    used 3849K, capacity 3977K, committed 4096K, reserved 1048576K
}
Event: 32.116 GC heap after
{Heap after GC invocations=9 (full 0):
 garbage-first heap   total 45056K, used 16371K [0x00000000c1c00000, 0x0000000100000000)
  region size 1024K, 2 young (2048K), 2 survivors (2048K)
 Metaspace       used 31498K, capacity 31852K, committed 32000K, reserved 1077248K
  class space    used 3849K, capacity 3977K, committed 4096K, reserved 1048576K
}
Event: 35.025 GC heap before
{Heap before GC invocations=9 (full 0):
 garbage-first heap   total 45056K, used 32755K [0x00000000c1c00000, 0x0000000100000000)
  region size 1024K, 18 young (18432K), 2 survivors (2048K)
 Metaspace       used 33207K, capacity 33543K, committed 33664K, reserved 1079296K
  class space    used 4073K, capacity 4176K, committed 4224K, reserved 1048576K
}
Event: 35.049 GC heap after
{Heap after GC invocations=10 (full 0):
 garbage-first heap   total 45056K, used 18431K [0x00000000c1c00000, 0x0000000100000000)
  region size 1024K, 2 young (2048K), 2 survivors (2048K)
 Metaspace       used 33207K, capacity 33543K, committed 33664K, reserved 1079296K
  class space    used 4073K, capacity 4176K, committed 4224K, reserved 1048576K
}
Event: 37.462 GC heap before
{Heap before GC invocations=10 (full 0):
 garbage-first heap   total 45056K, used 32767K [0x00000000c1c00000, 0x0000000100000000)
  region size 1024K, 16 young (16384K), 2 survivors (2048K)
 Metaspace       used 34078K, capacity 34451K, committed 34560K, reserved 1079296K
  class space    used 4178K, capacity 4307K, committed 4352K, reserved 1048576K
}
Event: 37.489 GC heap after
{Heap after GC invocations=11 (full 0):
 garbage-first heap   total 45056K, used 20255K [0x00000000c1c00000, 0x0000000100000000)
  region size 1024K, 2 young (2048K), 2 survivors (2048K)
 Metaspace       used 34078K, capacity 34451K, committed 34560K, reserved 1079296K
  class space    used 4178K, capacity 4307K, committed 4352K, reserved 1048576K
}
Event: 39.713 GC heap before
{Heap before GC invocations=11 (full 0):
 garbage-first heap   total 45056K, used 33567K [0x00000000c1c00000, 0x0000000100000000)
  region size 1024K, 15 young (15360K), 2 survivors (2048K)
 Metaspace       used 35148K, capacity 35503K, committed 35712K, reserved 1081344K
  class space    used 4313K, capacity 4442K, committed 4480K, reserved 1048576K
}
Event: 39.738 GC heap after
{Heap after GC invocations=12 (full 0):
 garbage-first heap   total 45056K, used 21428K [0x00000000c1c00000, 0x0000000100000000)
  region size 1024K, 2 young (2048K), 2 survivors (2048K)
 Metaspace       used 35148K, capacity 35503K, committed 35712K, reserved 1081344K
  class space    used 4313K, capacity 4442K, committed 4480K, reserved 1048576K
}
Event: 40.183 GC heap before
{Heap before GC invocations=12 (full 0):
 garbage-first heap   total 45056K, used 25524K [0x00000000c1c00000, 0x0000000100000000)
  region size 1024K, 7 young (7168K), 2 survivors (2048K)
 Metaspace       used 35403K, capacity 35792K, committed 35840K, reserved 1081344K
  class space    used 4343K, capacity 4474K, committed 4480K, reserved 1048576K
}
Event: 40.198 GC heap after
{Heap after GC invocations=13 (full 0):
 garbage-first heap   total 45056K, used 22112K [0x00000000c1c00000, 0x0000000100000000)
  region size 1024K, 1 young (1024K), 1 survivors (1024K)
 Metaspace       used 35403K, capacity 35792K, committed 35840K, reserved 1081344K
  class space    used 4343K, capacity 4474K, committed 4480K, reserved 1048576K
}
Event: 42.383 GC heap before
{Heap before GC invocations=14 (full 0):
 garbage-first heap   total 45056K, used 34400K [0x00000000c1c00000, 0x0000000100000000)
  region size 1024K, 13 young (13312K), 1 survivors (1024K)
 Metaspace       used 36185K, capacity 36582K, committed 36736K, reserved 1081344K
  class space    used 4459K, capacity 4583K, committed 4608K, reserved 1048576K
}
Event: 42.399 GC heap after
{Heap after GC invocations=15 (full 0):
 garbage-first heap   total 45056K, used 23039K [0x00000000c1c00000, 0x0000000100000000)
  region size 1024K, 2 young (2048K), 2 survivors (2048K)
 Metaspace       used 36185K, capacity 36582K, committed 36736K, reserved 1081344K
  class space    used 4459K, capacity 4583K, committed 4608K, reserved 1048576K
}

